<?xml version="1.0" encoding="UTF-8"?>
<testsuite xmlns:xsi="http://www.w3.org/2001/XMLSchema-instance" xsi:noNamespaceSchemaLocation="https://maven.apache.org/surefire/maven-surefire-plugin/xsd/surefire-test-report-3.0.xsd" version="3.0" name="com.hexa.sample.SampleApplicationTests" time="7.732" tests="1" errors="0" skipped="0" failures="0">
  <properties>
[...]
</properties>
  <testcase name="contextLoads" classname="com.hexa.sample.SampleApplicationTests" time="0.962">
    <system-out><![CDATA[10:58:49.902 [main] INFO org.springframework.test.context.support.AnnotationConfigContextLoaderUtils -- Could not detect default configuration classes for test class [com.hexa.sample.SampleApplicationTests]: SampleApplicationTests does not declare any static, non-private, non-final, nested classes annotated with @Configuration.
10:58:50.046 [main] INFO org.springframework.boot.test.context.SpringBootTestContextBootstrapper -- Found @SpringBootConfiguration com.hexa.sample.SampleApplication for test class com.hexa.sample.SampleApplicationTests
10:58:50.297 [main] INFO org.springframework.boot.devtools.restart.RestartApplicationListener -- Restart disabled due to context in which it is running

  .   ____          _            __ _ _
 /\\ / ___'_ __ _ _(_)_ __  __ _ \ \ \ \
( ( )\___ | '_ | '_| | '_ \/ _` | \ \ \ \
 \\/  ___)| |_)| | | | | || (_| |  ) ) ) )
  '  |____| .__|_| |_|_| |_\__, | / / / /
 =========|_|==============|___/=/_/_/_/

 :: Spring Boot ::                (v3.3.3)

2024-09-14T10:58:50.652+05:30  INFO 17092 --- [sample] [           main] com.hexa.sample.SampleApplicationTests   : Starting SampleApplicationTests using Java 21.0.3 with PID 17092 (started by bhuva in C:\Users\bhuva\Documents\workspace-spring-tool-suite-4-4.24.0.RELEASE\sample)
2024-09-14T10:58:50.654+05:30  INFO 17092 --- [sample] [           main] com.hexa.sample.SampleApplicationTests   : No active profile set, falling back to 1 default profile: "default"
2024-09-14T10:58:51.710+05:30  INFO 17092 --- [sample] [           main] .s.d.r.c.RepositoryConfigurationDelegate : Bootstrapping Spring Data JPA repositories in DEFAULT mode.
2024-09-14T10:58:51.754+05:30  INFO 17092 --- [sample] [           main] .s.d.r.c.RepositoryConfigurationDelegate : Finished Spring Data repository scanning in 25 ms. Found 0 JPA repository interfaces.
2024-09-14T10:58:52.641+05:30  INFO 17092 --- [sample] [           main] o.hibernate.jpa.internal.util.LogHelper  : HHH000204: Processing PersistenceUnitInfo [name: default]
2024-09-14T10:58:52.782+05:30  INFO 17092 --- [sample] [           main] org.hibernate.Version                    : HHH000412: Hibernate ORM core version 6.5.2.Final
2024-09-14T10:58:52.859+05:30  INFO 17092 --- [sample] [           main] o.h.c.internal.RegionFactoryInitiator    : HHH000026: Second-level cache disabled
2024-09-14T10:58:53.608+05:30  INFO 17092 --- [sample] [           main] o.s.o.j.p.SpringPersistenceUnitInfo      : No LoadTimeWeaver setup: ignoring JPA class transformer
2024-09-14T10:58:53.673+05:30  INFO 17092 --- [sample] [           main] com.zaxxer.hikari.HikariDataSource       : HikariPool-1 - Starting...
2024-09-14T10:58:54.316+05:30  INFO 17092 --- [sample] [           main] com.zaxxer.hikari.pool.HikariPool        : HikariPool-1 - Added connection com.mysql.cj.jdbc.ConnectionImpl@5d96d434
2024-09-14T10:58:54.319+05:30  INFO 17092 --- [sample] [           main] com.zaxxer.hikari.HikariDataSource       : HikariPool-1 - Start completed.
2024-09-14T10:58:54.408+05:30  WARN 17092 --- [sample] [           main] org.hibernate.orm.deprecation            : HHH90000025: MySQLDialect does not need to be specified explicitly using 'hibernate.dialect' (remove the property setting and it will be selected by default)
2024-09-14T10:58:55.080+05:30  INFO 17092 --- [sample] [           main] o.h.e.t.j.p.i.JtaPlatformInitiator       : HHH000489: No JTA platform available (set 'hibernate.transaction.jta.platform' to enable JTA platform integration)
2024-09-14T10:58:55.088+05:30  INFO 17092 --- [sample] [           main] j.LocalContainerEntityManagerFactoryBean : Initialized JPA EntityManagerFactory for persistence unit 'default'
2024-09-14T10:58:55.400+05:30  WARN 17092 --- [sample] [           main] JpaBaseConfiguration$JpaWebConfiguration : spring.jpa.open-in-view is enabled by default. Therefore, database queries may be performed during view rendering. Explicitly configure spring.jpa.open-in-view to disable this warning
2024-09-14T10:58:56.378+05:30  INFO 17092 --- [sample] [           main] com.hexa.sample.SampleApplicationTests   : Started SampleApplicationTests in 6.104 seconds (process running for 7.635)
]]></system-out>
    <system-err><![CDATA[WARNING: A Java agent has been loaded dynamically (C:\Users\bhuva\.m2\repository\net\bytebuddy\byte-buddy-agent\1.14.19\byte-buddy-agent-1.14.19.jar)
WARNING: If a serviceability tool is in use, please run with -XX:+EnableDynamicAgentLoading to hide this warning
WARNING: If a serviceability tool is not in use, please run with -Djdk.instrument.traceUsage for more information
WARNING: Dynamic loading of agents will be disallowed by default in a future release
]]></system-err>
  </testcase>
</testsuite>