<?xml version="1.0" encoding="UTF-8"?>
<testsuite xmlns:xsi="http://www.w3.org/2001/XMLSchema-instance" xsi:noNamespaceSchemaLocation="https://maven.apache.org/surefire/maven-surefire-plugin/xsd/surefire-test-report-3.0.xsd" version="3.0" name="com.hexa.assetapp.repositorytest.AssetAllocationTest" time="14.782" tests="2" errors="0" skipped="0" failures="0">
  <properties>
[...]
</properties>
  <testcase name="createAssetAllocation" classname="com.hexa.assetapp.repositorytest.AssetAllocationTest" time="1.406">
    <system-out><![CDATA[15:50:37.126 [main] INFO org.springframework.test.context.support.AnnotationConfigContextLoaderUtils -- Could not detect default configuration classes for test class [com.hexa.assetapp.repositorytest.AssetAllocationTest]: AssetAllocationTest does not declare any static, non-private, non-final, nested classes annotated with @Configuration.
15:50:37.389 [main] INFO org.springframework.boot.test.context.SpringBootTestContextBootstrapper -- Found @SpringBootConfiguration com.hexa.assetapp.SampleApplication for test class com.hexa.assetapp.repositorytest.AssetAllocationTest
15:50:37.804 [main] INFO org.springframework.boot.devtools.restart.RestartApplicationListener -- Restart disabled due to context in which it is running

  .   ____          _            __ _ _
 /\\ / ___'_ __ _ _(_)_ __  __ _ \ \ \ \
( ( )\___ | '_ | '_| | '_ \/ _` | \ \ \ \
 \\/  ___)| |_)| | | | | || (_| |  ) ) ) )
  '  |____| .__|_| |_|_| |_\__, | / / / /
 =========|_|==============|___/=/_/_/_/

 :: Spring Boot ::                (v3.3.3)

2024-09-15T15:50:38.478+05:30  INFO 9200 --- [AssetManagement] [           main] c.h.a.r.AssetAllocationTest              : Starting AssetAllocationTest using Java 21.0.3 with PID 9200 (started by bhuva in C:\Users\bhuva\Documents\workspace-spring-tool-suite-4-4.24.0.RELEASE\AssetManagement)
2024-09-15T15:50:38.481+05:30  INFO 9200 --- [AssetManagement] [           main] c.h.a.r.AssetAllocationTest              : No active profile set, falling back to 1 default profile: "default"
2024-09-15T15:50:40.345+05:30  INFO 9200 --- [AssetManagement] [           main] .s.d.r.c.RepositoryConfigurationDelegate : Bootstrapping Spring Data JPA repositories in DEFAULT mode.
2024-09-15T15:50:40.516+05:30  INFO 9200 --- [AssetManagement] [           main] .s.d.r.c.RepositoryConfigurationDelegate : Finished Spring Data repository scanning in 154 ms. Found 5 JPA repository interfaces.
2024-09-15T15:50:41.578+05:30  INFO 9200 --- [AssetManagement] [           main] o.hibernate.jpa.internal.util.LogHelper  : HHH000204: Processing PersistenceUnitInfo [name: default]
2024-09-15T15:50:41.708+05:30  INFO 9200 --- [AssetManagement] [           main] org.hibernate.Version                    : HHH000412: Hibernate ORM core version 6.5.2.Final
2024-09-15T15:50:41.805+05:30  INFO 9200 --- [AssetManagement] [           main] o.h.c.internal.RegionFactoryInitiator    : HHH000026: Second-level cache disabled
2024-09-15T15:50:42.645+05:30  INFO 9200 --- [AssetManagement] [           main] o.s.o.j.p.SpringPersistenceUnitInfo      : No LoadTimeWeaver setup: ignoring JPA class transformer
2024-09-15T15:50:42.719+05:30  INFO 9200 --- [AssetManagement] [           main] com.zaxxer.hikari.HikariDataSource       : HikariPool-1 - Starting...
2024-09-15T15:50:43.547+05:30  INFO 9200 --- [AssetManagement] [           main] com.zaxxer.hikari.pool.HikariPool        : HikariPool-1 - Added connection com.mysql.cj.jdbc.ConnectionImpl@43b172e3
2024-09-15T15:50:43.552+05:30  INFO 9200 --- [AssetManagement] [           main] com.zaxxer.hikari.HikariDataSource       : HikariPool-1 - Start completed.
2024-09-15T15:50:43.650+05:30  WARN 9200 --- [AssetManagement] [           main] org.hibernate.orm.deprecation            : HHH90000025: MySQLDialect does not need to be specified explicitly using 'hibernate.dialect' (remove the property setting and it will be selected by default)
2024-09-15T15:50:45.903+05:30  INFO 9200 --- [AssetManagement] [           main] o.h.e.t.j.p.i.JtaPlatformInitiator       : HHH000489: No JTA platform available (set 'hibernate.transaction.jta.platform' to enable JTA platform integration)
Hibernate: create table asset (assetid integer not null auto_increment, asset_category varchar(255) not null, asset_model varchar(255) not null, asset_name varchar(20) not null, asset_value bigint not null check (asset_value>=100), expiry_date varchar(255) not null, manufacturing_date varchar(255) not null, status enum ('ASSIGNED','AVAILABLE','IN_SERVICE') not null, primary key (assetid)) engine=InnoDB
Hibernate: create table assetallocation (allocationid integer not null auto_increment, allocation_date datetime(6), return_date datetime(6), status enum ('ALLOCATED','PROCESSING','RETURNED') not null, assetid integer, employeeid integer, primary key (allocationid)) engine=InnoDB
Hibernate: create table audit (auditid integer not null auto_increment, audit_date datetime(6), audit_status enum ('PENDING','REJECTED','VERIFIED') not null, assetid integer, employeeid integer, primary key (auditid)) engine=InnoDB
Hibernate: create table employee (employeeid integer not null auto_increment, contact_number varchar(255) not null, created_at datetime(6), email varchar(255) not null, gender varchar(255) not null, name varchar(50) not null, password varchar(255) not null, role enum ('ADMIN','EMPLOYEE') not null, username varchar(20) not null, primary key (employeeid)) engine=InnoDB
Hibernate: create table servicerequest (requestid integer not null auto_increment, description varchar(300) not null, issue_type enum ('MALFUNCTION','NO_ISSUE','REPAIR') not null, request_date datetime(6), request_status enum ('COMPLETED','IN_PROGRESS','PENDING') not null, assetid integer, employeeid integer, primary key (requestid)) engine=InnoDB
Hibernate: alter table assetallocation add constraint FK74ivxecykp4si3adf4uogipn4 foreign key (assetid) references asset (assetid)
Hibernate: alter table assetallocation add constraint FK8udwjhrbjp51jisjaqe5vc0dm foreign key (employeeid) references employee (employeeid)
Hibernate: alter table audit add constraint FKft3m2vh2gqcb3k0aapad4u9xt foreign key (assetid) references asset (assetid)
Hibernate: alter table audit add constraint FK7rgv43shwe5ob4pctft7s04di foreign key (employeeid) references employee (employeeid)
Hibernate: alter table servicerequest add constraint FKpc7udu5b3tmqmxfy828fsh27h foreign key (assetid) references asset (assetid)
Hibernate: alter table servicerequest add constraint FKs1gn1t3idaaxbjb24mvpsycef foreign key (employeeid) references employee (employeeid)
2024-09-15T15:50:46.547+05:30  INFO 9200 --- [AssetManagement] [           main] j.LocalContainerEntityManagerFactoryBean : Initialized JPA EntityManagerFactory for persistence unit 'default'
2024-09-15T15:50:47.595+05:30  INFO 9200 --- [AssetManagement] [           main] o.s.d.j.r.query.QueryEnhancerFactory     : Hibernate is in classpath; If applicable, HQL parser will be used.
2024-09-15T15:50:48.261+05:30  WARN 9200 --- [AssetManagement] [           main] JpaBaseConfiguration$JpaWebConfiguration : spring.jpa.open-in-view is enabled by default. Therefore, database queries may be performed during view rendering. Explicitly configure spring.jpa.open-in-view to disable this warning
2024-09-15T15:50:49.349+05:30  WARN 9200 --- [AssetManagement] [           main] .s.s.UserDetailsServiceAutoConfiguration : 

Using generated security password: 81adb536-cef3-4992-aafb-aef5968e5ef6

This generated password is for development use only. Your security configuration must be updated before running your application in production.

2024-09-15T15:50:49.397+05:30  INFO 9200 --- [AssetManagement] [           main] r$InitializeUserDetailsManagerConfigurer : Global AuthenticationManager configured with UserDetailsService bean with name inMemoryUserDetailsManager
2024-09-15T15:50:49.873+05:30  INFO 9200 --- [AssetManagement] [           main] c.h.a.r.AssetAllocationTest              : Started AssetAllocationTest in 12.104 seconds (process running for 14.636)
Hibernate: insert into assetallocation (allocation_date,assetid,employeeid,return_date,status) values (?,?,?,?,?)
]]></system-out>
    <system-err><![CDATA[WARNING: A Java agent has been loaded dynamically (C:\Users\bhuva\.m2\repository\net\bytebuddy\byte-buddy-agent\1.14.19\byte-buddy-agent-1.14.19.jar)
WARNING: If a serviceability tool is in use, please run with -XX:+EnableDynamicAgentLoading to hide this warning
WARNING: If a serviceability tool is not in use, please run with -Djdk.instrument.traceUsage for more information
WARNING: Dynamic loading of agents will be disallowed by default in a future release
]]></system-err>
  </testcase>
  <testcase name="findAllocationById" classname="com.hexa.assetapp.repositorytest.AssetAllocationTest" time="0.095">
    <system-out><![CDATA[Hibernate: select aa1_0.allocationid,aa1_0.allocation_date,a1_0.assetid,a1_0.asset_category,a1_0.asset_model,a1_0.asset_name,a1_0.asset_value,a1_0.expiry_date,a1_0.manufacturing_date,a1_0.status,e1_0.employeeid,e1_0.contact_number,e1_0.created_at,e1_0.email,e1_0.gender,e1_0.name,e1_0.password,e1_0.role,e1_0.username,aa1_0.return_date,aa1_0.status from assetallocation aa1_0 left join asset a1_0 on a1_0.assetid=aa1_0.assetid left join employee e1_0 on e1_0.employeeid=aa1_0.employeeid where aa1_0.allocationid=?
]]></system-out>
  </testcase>
</testsuite>